d:\qt\udp\udp\x64\debug\vc140.pdb
d:\qt\udp\udp\x64\debug\qrc_udp.obj
d:\qt\udp\udp\x64\debug\udp.obj
d:\qt\udp\udp\x64\debug\main.obj
d:\qt\udp\udp\x64\debug\moc_udp.obj
d:\qt\udp\udp\generatedfiles\ui_udp.h
d:\qt\udp\udp\generatedfiles\qrc_udp.cpp
d:\qt\udp\udp\generatedfiles\debug\moc_udp.cpp
d:\qt\udp\x64\debug\udp.pdb
d:\qt\udp\udp\x64\debug\udp.tlog\cl.command.1.tlog
d:\qt\udp\udp\x64\debug\udp.tlog\cl.read.1.tlog
d:\qt\udp\udp\x64\debug\udp.tlog\cl.write.1.tlog
d:\qt\udp\udp\x64\debug\udp.tlog\custombuild.command.1.tlog
d:\qt\udp\udp\x64\debug\udp.tlog\custombuild.read.1.tlog
d:\qt\udp\udp\x64\debug\udp.tlog\custombuild.write.1.tlog
d:\qt\udp\udp\x64\debug\udp.tlog\link-cvtres.read.1.tlog
d:\qt\udp\udp\x64\debug\udp.tlog\link-cvtres.write.1.tlog
d:\qt\udp\udp\x64\debug\udp.tlog\link-rc.read.1.tlog
d:\qt\udp\udp\x64\debug\udp.tlog\link-rc.write.1.tlog
d:\qt\udp\udp\x64\debug\udp.tlog\link.command.1.tlog
d:\qt\udp\udp\x64\debug\udp.tlog\link.read.1.tlog
d:\qt\udp\udp\x64\debug\udp.tlog\link.write.1.tlog
